<?xml version="1.0" encoding="UTF-8"?>
<testsuite xmlns:xsi="http://www.w3.org/2001/XMLSchema-instance" xsi:noNamespaceSchemaLocation="https://maven.apache.org/surefire/maven-surefire-plugin/xsd/surefire-test-report.xsd" name="AllureTest" time="0.625" tests="2" errors="0" skipped="0" failures="1">
  <properties>
[...]
</properties>
  <testcase name="additionOfNumbersFail" classname="AllureTest" time="0.5">
    <failure message="&#10;Expected: is &lt;14&gt;&#10;     but: was &lt;4&gt;" type="java.lang.AssertionError"><![CDATA[java.lang.AssertionError: 

Expected: is <14>
     but: was <4>
	at AllureTest.additionOfNumbersFail(AllureTest.java:25)
]]></failure>
  </testcase>
  <testcase name="additionOfNumbers" classname="AllureTest" time="0"/>
</testsuite>