<?xml version="1.0" encoding="UTF-8"?>
<testsuite xmlns:xsi="http://www.w3.org/2001/XMLSchema-instance" xsi:noNamespaceSchemaLocation="https://maven.apache.org/surefire/maven-surefire-plugin/xsd/surefire-test-report.xsd" name="AllureTest" time="0.992" tests="22" errors="1" skipped="0" failures="2">
  <properties>
[...]
</properties>
  <testcase name="sumTest" classname="AllureTest" time="0.175"/>
  <testcase name="flakyTest" classname="AllureTest" time="0.317">
    <failure message="expected: &lt;true&gt; but was: &lt;false&gt;" type="org.opentest4j.AssertionFailedError"><![CDATA[org.opentest4j.AssertionFailedError: expected: <true> but was: <false>
	at AllureTest.flakyTest(AllureTest.java:182)
]]></failure>
  </testcase>
  <testcase name="checkSumStepTest" classname="AllureTest" time="0.002"/>
  <testcase name="exсeptionTest" classname="AllureTest" time="0.127">
    <error type="java.lang.IllegalArgumentException">java.lang.IllegalArgumentException
	at AllureTest.exсeptionTest(AllureTest.java:194)
</error>
  </testcase>
  <testcase name="SubtractionTest" classname="AllureTest" time="0.003"/>
  <testcase name="findArccos" classname="AllureTest" time="0.002"/>
  <testcase name="findArcsin" classname="AllureTest" time="0.002"/>
  <testcase name="ownerTest" classname="AllureTest" time="0.002"/>
  <testcase name="severityTest" classname="AllureTest" time="0.007"/>
  <testcase name="SimpleTest2" classname="AllureTest" time="0.011"/>
  <testcase name="SimpleTest" classname="AllureTest" time="0.003"/>
  <testcase name="checkEqualsStringTest" classname="AllureTest" time="0.005"/>
  <testcase name="WriteTest" classname="AllureTest" time="0.171">
    <failure message="expected: &lt;������ ����!&#10;��� � ��� ����?&gt; but was: &lt;Добрый день!&#10;Как у вас дела?&gt;" type="org.opentest4j.AssertionFailedError"><![CDATA[org.opentest4j.AssertionFailedError: 
expected: <������ ����!
��� � ��� ����?> but was: <Добрый день!
Как у вас дела?>
	at AllureTest.WriteTest(AllureTest.java:245)
]]></failure>
  </testcase>
  <testcase name="severityGroupTest" classname="AllureTest" time="0.003"/>
  <testcase name="WriteTextTwice" classname="AllureTest" time="0.002"/>
  <testcase name="cosTest" classname="AllureTest" time="0.007"/>
  <testcase name="CleaningFileTest" classname="AllureTest" time="0.007"/>
  <testcase name="connectionTest" classname="AllureTest" time="0.011"/>
  <testcase name="addLinkGoogleTest" classname="AllureTest" time="0.003"/>
  <testcase name="checkSubtractionStepTest" classname="AllureTest" time="0.002"/>
  <testcase name="addActiveLink" classname="AllureTest" time="0.002"/>
  <testcase name="sinTest" classname="AllureTest" time="0.003"/>
</testsuite>